<?xml version="1.0" encoding="UTF-8"?>
<testng-results ignored="0" total="2" passed="2" failed="0" skipped="0">
  <reporter-output>
  </reporter-output>
  <suite started-at="2024-05-27T19:31:17 IST" name="Suite" finished-at="2024-05-27T19:32:44 IST" duration-ms="86790">
    <groups>
    </groups>
    <test started-at="2024-05-27T19:31:17 IST" name="Test1" finished-at="2024-05-27T19:32:16 IST" duration-ms="58564">
      <class name="advancedSelenium.AdvancedSelenium">
        <test-method is-config="true" signature="setup(java.lang.reflect.Method,org.testng.ITestContext)[pri:0, instance:advancedSelenium.AdvancedSelenium@38cee291]" started-at="2024-05-27T19:31:17 IST" name="setup" finished-at="2024-05-27T19:32:00 IST" duration-ms="43104" status="PASS">
          <params>
            <param index="0">
              <value>
                <![CDATA[public void advancedSelenium.AdvancedSelenium.TestScenario1() throws java.lang.InterruptedException]]>
              </value>
            </param>
            <param index="1">
              <value>
                <![CDATA[org.testng.TestRunner@50378a4]]>
              </value>
            </param>
          </params>
          <reporter-output>
          </reporter-output>
        </test-method> <!-- setup -->
        <test-method signature="TestScenario1()[pri:0, instance:advancedSelenium.AdvancedSelenium@38cee291]" started-at="2024-05-27T19:32:00 IST" name="TestScenario1" finished-at="2024-05-27T19:32:14 IST" duration-ms="13901" status="PASS">
          <reporter-output>
          </reporter-output>
        </test-method> <!-- TestScenario1 -->
        <test-method is-config="true" signature="tearDown()[pri:0, instance:advancedSelenium.AdvancedSelenium@38cee291]" started-at="2024-05-27T19:32:14 IST" name="tearDown" finished-at="2024-05-27T19:32:16 IST" duration-ms="1348" status="PASS">
          <reporter-output>
          </reporter-output>
        </test-method> <!-- tearDown -->
      </class> <!-- advancedSelenium.AdvancedSelenium -->
    </test> <!-- Test1 -->
    <test started-at="2024-05-27T19:32:16 IST" name="Test2" finished-at="2024-05-27T19:32:44 IST" duration-ms="28104">
      <class name="advancedSelenium.AdvancedSelenium">
        <test-method is-config="true" signature="setup(java.lang.reflect.Method,org.testng.ITestContext)[pri:0, instance:advancedSelenium.AdvancedSelenium@72035809]" started-at="2024-05-27T19:32:16 IST" name="setup" finished-at="2024-05-27T19:32:28 IST" duration-ms="11862" status="PASS">
          <params>
            <param index="0">
              <value>
                <![CDATA[public void advancedSelenium.AdvancedSelenium.TestScenario1() throws java.lang.InterruptedException]]>
              </value>
            </param>
            <param index="1">
              <value>
                <![CDATA[org.testng.TestRunner@60f00693]]>
              </value>
            </param>
          </params>
          <reporter-output>
          </reporter-output>
        </test-method> <!-- setup -->
        <test-method signature="TestScenario1()[pri:0, instance:advancedSelenium.AdvancedSelenium@72035809]" started-at="2024-05-27T19:32:28 IST" name="TestScenario1" finished-at="2024-05-27T19:32:43 IST" duration-ms="14899" status="PASS">
          <reporter-output>
          </reporter-output>
        </test-method> <!-- TestScenario1 -->
        <test-method is-config="true" signature="tearDown()[pri:0, instance:advancedSelenium.AdvancedSelenium@72035809]" started-at="2024-05-27T19:32:43 IST" name="tearDown" finished-at="2024-05-27T19:32:44 IST" duration-ms="1330" status="PASS">
          <reporter-output>
          </reporter-output>
        </test-method> <!-- tearDown -->
      </class> <!-- advancedSelenium.AdvancedSelenium -->
    </test> <!-- Test2 -->
  </suite> <!-- Suite -->
</testng-results>
